<?xml version="1.0" encoding="UTF-8"?>
<testng-results ignored="0" total="1" passed="1" failed="0" skipped="0">
  <reporter-output>
  </reporter-output>
  <suite started-at="2023-03-24T12:23:54 IST" name="Default suite" finished-at="2023-03-24T12:24:03 IST" duration-ms="9578">
    <groups>
    </groups>
    <test started-at="2023-03-24T12:23:54 IST" name="Default test" finished-at="2023-03-24T12:24:03 IST" duration-ms="9578">
      <class name="marchbatch.lab3">
        <test-method signature="testcase()[pri:0, instance:marchbatch.lab3@6069db50]" started-at="2023-03-24T12:23:54 IST" name="testcase" finished-at="2023-03-24T12:24:03 IST" duration-ms="9508" status="PASS">
          <reporter-output>
          </reporter-output>
        </test-method> <!-- testcase -->
      </class> <!-- marchbatch.lab3 -->
    </test> <!-- Default test -->
  </suite> <!-- Default suite -->
</testng-results>
